2022-04-22 00:32:02,226 [INFO] general: General Logging
2022-04-22 00:32:02,228 [INFO] errors: Error
2022-04-22 00:32:02,234 [INFO] app: Before Request
2022-04-22 00:32:02,235 [INFO] general: General Logging
2022-04-22 00:32:22,141 [INFO] app: Before Request
2022-04-22 00:32:22,146 [INFO] general: General Logging
2022-04-22 00:32:22,286 [INFO] app: After Request
2022-04-22 00:32:22,288 [INFO] general: General Logging
2022-04-22 00:32:22,359 [INFO] app: Before Request
2022-04-22 00:32:22,369 [INFO] general: General Logging
2022-04-22 00:32:22,464 [INFO] app: Before Request
2022-04-22 00:32:22,467 [INFO] general: General Logging
2022-04-22 00:32:23,969 [INFO] app: Before Request
2022-04-22 00:32:23,980 [INFO] general: General Logging
2022-04-22 00:32:24,018 [INFO] app: After Request
2022-04-22 00:32:24,022 [INFO] general: General Logging
2022-04-22 00:32:24,090 [INFO] app: Before Request
2022-04-22 00:32:24,094 [INFO] general: General Logging
2022-04-22 00:32:24,117 [INFO] app: Before Request
2022-04-22 00:32:24,123 [INFO] general: General Logging
2022-04-22 00:32:52,090 [INFO] app: Before Request
2022-04-22 00:32:52,111 [INFO] general: General Logging
2022-04-22 00:32:52,145 [INFO] app: After Request
2022-04-22 00:32:52,148 [INFO] general: General Logging
2022-04-22 00:32:52,203 [INFO] app: Before Request
2022-04-22 00:32:52,214 [INFO] general: General Logging
2022-04-22 00:32:52,226 [INFO] app: Before Request
2022-04-22 00:32:52,232 [INFO] general: General Logging
2022-04-22 00:32:54,074 [INFO] app: Before Request
2022-04-22 00:32:54,081 [INFO] general: General Logging
2022-04-22 00:32:54,096 [INFO] app: After Request
2022-04-22 00:32:54,104 [INFO] general: General Logging
2022-04-22 00:32:54,153 [INFO] app: Before Request
2022-04-22 00:32:54,157 [INFO] general: General Logging
2022-04-22 00:32:54,177 [INFO] app: Before Request
2022-04-22 00:32:54,182 [INFO] general: General Logging
2022-04-22 00:33:06,885 [INFO] app: Before Request
2022-04-22 00:33:06,909 [INFO] general: General Logging
2022-04-22 00:33:06,928 [INFO] app: After Request
2022-04-22 00:33:06,934 [INFO] general: General Logging
2022-04-22 00:33:07,037 [INFO] app: Before Request
2022-04-22 00:33:07,045 [INFO] general: General Logging
2022-04-22 00:33:07,080 [INFO] app: Before Request
2022-04-22 00:33:07,090 [INFO] general: General Logging
2022-04-22 00:36:33,535 [INFO] app: Before Request
2022-04-22 00:36:33,544 [INFO] general: General Logging
2022-04-22 00:36:33,589 [INFO] app: After Request
2022-04-22 00:36:33,594 [INFO] general: General Logging
2022-04-22 00:36:34,316 [INFO] general: General Logging
2022-04-22 00:36:34,317 [INFO] errors: Error
2022-04-22 00:36:34,318 [INFO] app: Before Request
2022-04-22 00:36:34,320 [INFO] general: General Logging
2022-04-22 00:36:34,382 [INFO] app: After Request
2022-04-22 00:36:34,385 [INFO] general: General Logging
2022-04-22 00:36:34,508 [INFO] app: Before Request
2022-04-22 00:36:34,510 [INFO] general: General Logging
2022-04-22 00:36:35,417 [INFO] app: Before Request
2022-04-22 00:36:35,426 [INFO] general: General Logging
2022-04-22 00:36:35,450 [INFO] app: After Request
2022-04-22 00:36:35,454 [INFO] general: General Logging
2022-04-22 00:36:35,504 [INFO] app: Before Request
2022-04-22 00:36:35,508 [INFO] general: General Logging
2022-04-22 00:36:35,519 [INFO] app: Before Request
2022-04-22 00:36:35,522 [INFO] general: General Logging
2022-04-22 00:36:37,335 [INFO] app: Before Request
2022-04-22 00:36:37,338 [INFO] general: General Logging
2022-04-22 00:36:37,350 [INFO] app: After Request
2022-04-22 00:36:37,352 [INFO] general: General Logging
2022-04-22 00:36:37,376 [INFO] app: Before Request
2022-04-22 00:36:37,380 [INFO] general: General Logging
2022-04-22 00:37:19,072 [INFO] errors: Error
2022-04-22 00:37:19,073 [INFO] app: Before Request
2022-04-22 00:37:19,156 [INFO] app: After Request
2022-04-22 00:37:19,276 [INFO] app: Before Request
2022-04-22 00:37:19,302 [INFO] app: Before Request
2022-04-22 00:37:21,246 [INFO] app: Before Request
2022-04-22 00:37:21,281 [INFO] app: After Request
2022-04-22 00:37:21,344 [INFO] app: Before Request
2022-04-22 00:37:21,366 [INFO] app: Before Request
2022-04-22 00:38:28,750 [INFO] app: Before Request
2022-04-22 00:38:28,885 [INFO] app: After Request
2022-04-22 00:38:29,081 [INFO] app: Before Request
2022-04-22 00:38:29,131 [INFO] app: Before Request
2022-04-22 01:23:38,306 [INFO] errors: Error
2022-04-22 01:23:38,308 [INFO] app: Before Request
2022-04-22 01:23:38,386 [INFO] app: After Request
2022-04-22 01:23:38,464 [INFO] app: Before Request
2022-04-22 01:23:38,492 [INFO] app: Before Request
2022-04-22 01:23:40,128 [INFO] app: Before Request
2022-04-22 01:23:40,183 [INFO] app: After Request
2022-04-22 01:23:40,227 [INFO] app: Before Request
2022-04-22 01:23:54,170 [INFO] app: Before Request
2022-04-22 01:23:54,368 [INFO] app: After Request
2022-04-22 01:23:54,380 [INFO] app: Before Request
2022-04-22 01:23:54,394 [INFO] app: After Request
2022-04-22 01:23:54,426 [INFO] app: Before Request
2022-04-22 01:23:54,437 [INFO] app: Before Request
2022-04-22 01:24:05,465 [INFO] app: Before Request
2022-04-22 01:24:05,616 [INFO] app: After Request
2022-04-22 01:24:05,631 [INFO] app: Before Request
2022-04-22 01:24:05,667 [INFO] app: After Request
2022-04-22 01:24:05,738 [INFO] app: Before Request
2022-04-22 01:24:05,767 [INFO] app: Before Request
2022-04-22 01:24:36,206 [INFO] app: Before Request
2022-04-22 01:24:36,270 [INFO] app: Browse page loading
2022-04-22 01:24:36,327 [INFO] app: After Request
2022-04-22 01:24:36,383 [INFO] app: Before Request
2022-04-22 01:24:36,384 [INFO] app: Before Request
2022-04-22 01:24:39,950 [INFO] app: Before Request
2022-04-22 01:24:40,006 [INFO] app: After Request
2022-04-22 01:24:40,050 [INFO] app: Before Request
2022-04-22 01:24:41,449 [INFO] app: Before Request
2022-04-22 01:24:41,506 [INFO] app: Browse page loading
2022-04-22 01:24:41,510 [INFO] app: After Request
2022-04-22 01:24:41,552 [INFO] app: Before Request
2022-04-22 01:24:41,554 [INFO] app: Before Request
2022-04-22 01:24:43,166 [INFO] app: Before Request
2022-04-22 01:24:43,199 [INFO] app: After Request
2022-04-22 01:24:43,232 [INFO] app: Before Request
2022-04-22 01:24:46,795 [INFO] app: Before Request
2022-04-22 01:24:46,846 [INFO] app: Browse page loading
2022-04-22 01:24:46,852 [INFO] app: After Request
2022-04-22 01:24:46,885 [INFO] app: Before Request
2022-04-22 01:24:46,893 [INFO] app: Before Request
2022-04-22 01:24:50,006 [INFO] app: Before Request
2022-04-22 01:24:50,067 [INFO] app: After Request
2022-04-22 01:24:50,101 [INFO] app: Before Request
2022-04-22 01:24:52,886 [INFO] app: Before Request
2022-04-22 01:24:52,944 [INFO] app: After Request
2022-04-22 01:24:52,976 [INFO] app: Before Request
2022-04-22 01:24:56,428 [INFO] app: Before Request
2022-04-22 01:24:56,508 [INFO] app: After Request
2022-04-22 01:24:56,516 [INFO] app: Before Request
2022-04-22 01:24:56,521 [INFO] app: After Request
2022-04-22 01:24:56,546 [INFO] app: Before Request
2022-04-22 01:24:56,555 [INFO] app: Before Request
2022-04-22 01:25:09,813 [INFO] app: Before Request
2022-04-22 01:25:09,967 [INFO] app: After Request
2022-04-22 01:25:09,979 [INFO] app: Before Request
2022-04-22 01:25:09,992 [INFO] app: After Request
2022-04-22 01:25:10,034 [INFO] app: Before Request
2022-04-22 01:25:10,043 [INFO] app: Before Request
2022-04-22 01:25:13,661 [INFO] app: Before Request
2022-04-22 01:25:13,699 [INFO] app: After Request
2022-04-22 01:25:13,724 [INFO] app: Before Request
2022-04-22 01:25:14,761 [INFO] app: Before Request
2022-04-22 01:25:14,799 [INFO] app: After Request
2022-04-22 01:25:14,828 [INFO] app: Before Request
2022-04-22 01:25:18,197 [INFO] app: Before Request
2022-04-22 01:25:18,238 [INFO] app: After Request
2022-04-22 01:25:18,278 [INFO] app: Before Request
2022-04-22 01:25:22,212 [INFO] app: Before Request
2022-04-22 01:25:22,258 [INFO] app: After Request
2022-04-22 01:25:22,296 [INFO] app: Before Request
2022-04-22 01:25:25,034 [INFO] app: Before Request
2022-04-22 01:25:25,079 [INFO] app: After Request
2022-04-22 01:25:25,115 [INFO] app: Before Request
2022-04-22 01:30:10,740 [INFO] errors: Error
2022-04-22 01:30:10,743 [INFO] app: Before Request
2022-04-22 01:30:10,859 [INFO] app: After Request
2022-04-22 01:30:10,899 [INFO] app: Before Request
